#
# A fatal error has been detected by the Java Runtime Environment:
#
#  EXCEPTION_ACCESS_VIOLATION (0xc0000005) at pc=0x00007ffcec7625d0, pid=8056, tid=9664
#
# JRE version: OpenJDK Runtime Environment (21.0.6) (build 21.0.6+-13368085-b895.109)
# Java VM: OpenJDK 64-Bit Server VM (21.0.6+-13368085-b895.109, mixed mode, tiered, compressed oops, compressed class ptrs, g1 gc, windows-amd64)
# Problematic frame:
# j  net.rubygrapefruit.platform.internal.jni.PosixProcessFunctions.setEnvironmentVariable(Ljava/lang/String;Ljava/lang/String;Lnet/rubygrapefruit/platform/internal/FunctionResult;)V+0
#
# No core dump will be written. Minidumps are not enabled by default on client versions of Windows
#
# If you would like to submit a bug report, please visit:
#   https://youtrack.jetbrains.com/issues/JBR
# The crash happened outside the Java Virtual Machine in native code.
# See problematic frame for where to report the bug.
#

---------------  S U M M A R Y ------------

Command Line: --add-opens=java.base/java.lang=ALL-UNNAMED --add-opens=java.base/java.lang.invoke=ALL-UNNAMED --add-opens=java.base/java.util=ALL-UNNAMED --add-opens=java.prefs/java.util.prefs=ALL-UNNAMED --add-exports=jdk.compiler/com.sun.tools.javac.api=ALL-UNNAMED --add-exports=jdk.compiler/com.sun.tools.javac.util=ALL-UNNAMED --add-opens=java.base/java.util=ALL-UNNAMED --add-opens=java.prefs/java.util.prefs=ALL-UNNAMED --add-opens=java.base/java.nio.charset=ALL-UNNAMED --add-opens=java.base/java.net=ALL-UNNAMED --add-opens=java.base/java.util.concurrent.atomic=ALL-UNNAMED --add-opens=java.xml/javax.xml.namespace=ALL-UNNAMED -XX:MaxMetaspaceSize=4G -XX:ReservedCodeCacheSize=512m -XX:+HeapDumpOnOutOfMemoryError -Xmx8G -Dfile.encoding=UTF-8 -Duser.country=US -Duser.language=en -Duser.variant -javaagent:C:\Users\Ashraf\.gradle\wrapper\dists\gradle-8.12-all\ejduaidbjup3bmmkhw3rie4zb\gradle-8.12\lib\agents\gradle-instrumentation-agent-8.12.jar org.gradle.launcher.daemon.bootstrap.GradleDaemon 8.12

Host: Intel(R) Core(TM) i5-2400 CPU @ 3.10GHz, 4 cores, 7G,  Windows 10 , 64 bit Build 19041 (10.0.19041.5915)
Time: Wed Oct 15 13:02:36 2025 Egypt Daylight Time elapsed time: 49.597534 seconds (0d 0h 0m 49s)

---------------  T H R E A D  ---------------

Current thread (0x000001e2f3e78df0):  JavaThread "Daemon worker"        [_thread_in_native, id=9664, stack(0x0000002010b00000,0x0000002010c00000) (1024K)]

Stack: [0x0000002010b00000,0x0000002010c00000],  sp=0x0000002010bfeec0,  free space=1019k
Native frames: (J=compiled Java code, j=interpreted, Vv=VM code, C=native code)
C  0x00007ffcec7625d0

Java frames: (J=compiled Java code, j=interpreted, Vv=VM code)
j  net.rubygrapefruit.platform.internal.jni.PosixProcessFunctions.setEnvironmentVariable(Ljava/lang/String;Ljava/lang/String;Lnet/rubygrapefruit/platform/internal/FunctionResult;)V+0
j  net.rubygrapefruit.platform.internal.DefaultProcess.setEnvironmentVariable(Ljava/lang/String;Ljava/lang/String;)V+11
j  net.rubygrapefruit.platform.internal.WrapperProcess.setEnvironmentVariable(Ljava/lang/String;Ljava/lang/String;)V+43
j  org.gradle.internal.nativeintegration.processenvironment.NativePlatformBackedProcessEnvironment.setNativeEnvironmentVariable(Ljava/lang/String;Ljava/lang/String;)V+6
j  org.gradle.internal.nativeintegration.processenvironment.AbstractProcessEnvironment.setEnvironmentVariable(Ljava/lang/String;Ljava/lang/String;)V+13
j  org.gradle.internal.nativeintegration.processenvironment.AbstractProcessEnvironment.maybeSetEnvironment(Ljava/util/Map;)Lorg/gradle/internal/nativeintegration/EnvironmentModificationResult;+110
j  org.gradle.launcher.daemon.server.exec.EstablishBuildEnvironment.doBuild(Lorg/gradle/launcher/daemon/server/api/DaemonCommandExecution;Lorg/gradle/launcher/daemon/protocol/Build;)V+408
j  org.gradle.launcher.daemon.server.exec.BuildCommandOnly.execute(Lorg/gradle/launcher/daemon/server/api/DaemonCommandExecution;)V+49
j  org.gradle.launcher.daemon.server.api.DaemonCommandExecution.proceed()Z+23
j  org.gradle.launcher.daemon.server.exec.StartBuildOrRespondWithBusy$1.run()V+44
j  org.gradle.launcher.daemon.server.DaemonStateCoordinator.lambda$runCommand$0(Ljava/lang/Runnable;)V+1
j  org.gradle.launcher.daemon.server.DaemonStateCoordinator$$Lambda+0x000000080028e828.run()V+8
j  org.gradle.internal.concurrent.ExecutorPolicy$CatchAndRecordFailures.onExecute(Ljava/lang/Runnable;)V+1
j  org.gradle.internal.concurrent.AbstractManagedExecutor$1.run()V+25
j  java.util.concurrent.ThreadPoolExecutor.runWorker(Ljava/util/concurrent/ThreadPoolExecutor$Worker;)V+92 java.base@21.0.6
j  java.util.concurrent.ThreadPoolExecutor$Worker.run()V+5 java.base@21.0.6
j  java.lang.Thread.runWith(Ljava/lang/Object;Ljava/lang/Runnable;)V+5 java.base@21.0.6
j  java.lang.Thread.run()V+19 java.base@21.0.6
v  ~StubRoutines::call_stub 0x000001e2d171100d

siginfo: EXCEPTION_ACCESS_VIOLATION (0xc0000005), data execution prevention violation at address 0x00007ffcec7625d0


Registers:
RAX=0x00007ffcec7625d0, RBX=0x000001e2efc182a8, RCX=0x000001e2f3e791a8, RDX=0x0000002010bfef58
RSP=0x0000002010bfeeb8, RBP=0x0000002010bfef48, RSI=0x0000000000000000, RDI=0x000001e2ef951ba8
R8 =0x0000002010bfef78, R9 =0x0000002010bfef70, R10=0x000001e2d171cd1c, R11=0x0000000605d59928
R12=0x0000000000000000, R13=0x000001e2efc182a8, R14=0x0000002010bfef78, R15=0x000001e2f3e78df0
RIP=0x00007ffcec7625d0, EFLAGS=0x0000000000010202

XMM[0]=0x0000000000000000 0x3ff0000000000000
XMM[1]=0x0000000000000000 0x3ff0000000000000
XMM[2]=0x0000000000000000 0x0000000000000000
XMM[3]=0x0000000000000000 0x0000000000000000
XMM[4]=0x0000000000000000 0x0000000000000000
XMM[5]=0x0000000000000000 0x0000000000000000
XMM[6]=0x0000000000000000 0x0000000000000000
XMM[7]=0x0000000000000000 0x0000000000000000
XMM[8]=0x0000000000000000 0x0000000000000000
XMM[9]=0x0000000000000000 0x0000000000000000
XMM[10]=0x0000000000000000 0x0000000000000000
XMM[11]=0x0000000000000000 0x0000000000000000
XMM[12]=0x0000000000000000 0x0000000000000000
XMM[13]=0x0000000000000000 0x0000000000000000
XMM[14]=0x0000000000000000 0x0000000000000000
XMM[15]=0x0000000000000000 0x0000000000000000
  MXCSR=0x00001fa0


Register to memory mapping:

RAX=0x00007ffcec7625d0 is an unknown value
RBX={method} {0x000001e2efc182b0} 'setEnvironmentVariable' '(Ljava/lang/String;Ljava/lang/String;Lnet/rubygrapefruit/platform/internal/FunctionResult;)V' in 'net/rubygrapefruit/platform/internal/jni/PosixProcessFunctions'
RCX=0x000001e2f3e791a8 points into unknown readable memory: 0x00007ffcc2914500 | 00 45 91 c2 fc 7f 00 00
RDX=0x0000002010bfef58 is pointing into the stack for thread: 0x000001e2f3e78df0
RSP=0x0000002010bfeeb8 is pointing into the stack for thread: 0x000001e2f3e78df0
RBP=0x0000002010bfef48 is pointing into the stack for thread: 0x000001e2f3e78df0
RSI=0x0 is null
RDI=0x000001e2ef951ba8 is pointing into metadata
R8 =0x0000002010bfef78 is pointing into the stack for thread: 0x000001e2f3e78df0
R9 =0x0000002010bfef70 is pointing into the stack for thread: 0x000001e2f3e78df0
R10=0x000001e2d171cd1c is at code_begin+1020 in an Interpreter codelet
native method entry point (kind = native)  [0x000001e2d171c920, 0x000001e2d171d448]  2856 bytes
R11=0x0000000605d59928 is an oop: java.lang.Class 
{0x0000000605d59928} - klass: 'java/lang/Class'
 - ---- fields (total size 14 words):
 - private volatile transient 'classRedefinedCount' 'I' @12  0 (0x00000000)
 - injected 'klass' 'J' @16  34361421792 (0x000000080019afe0)
 - injected 'array_klass' 'J' @24  0 (0x0000000000000000)
 - injected 'oop_size' 'I' @32  14 (0x0000000e)
 - injected 'static_oop_field_count' 'I' @36  0 (0x00000000)
 - private volatile transient 'cachedConstructor' 'Ljava/lang/reflect/Constructor;' @40  null (0x00000000)
 - private transient 'name' 'Ljava/lang/String;' @44  "net.rubygrapefruit.platform.internal.jni.PosixProcessFunctions"{0x0000000605d5a628} (0xc0bab4c5)
 - private transient 'module' 'Ljava/lang/Module;' @48  a 'java/lang/Module'{0x00000006000948a8} (0xc0012915)
 - private final 'classLoader' 'Ljava/lang/ClassLoader;' @52  a 'org/gradle/internal/classloader/VisitableURLClassLoader'{0x0000000600098048} (0xc0013009)
 - private transient 'classData' 'Ljava/lang/Object;' @56  null (0x00000000)
 - private transient 'packageName' 'Ljava/lang/String;' @60  "net.rubygrapefruit.platform.internal.jni"{0x00000006008c58a8} (0xc0118b15)
 - private final 'componentType' 'Ljava/lang/Class;' @64  null (0x00000000)
 - private volatile transient 'reflectionData' 'Ljava/lang/ref/SoftReference;' @68  null (0x00000000)
 - private volatile transient 'genericInfo' 'Lsun/reflect/generics/repository/ClassRepository;' @72  null (0x00000000)
 - private volatile transient 'enumConstants' '[Ljava/lang/Object;' @76  null (0x00000000)
 - private volatile transient 'enumConstantDirectory' 'Ljava/util/Map;' @80  null (0x00000000)
 - private volatile transient 'annotationData' 'Ljava/lang/Class$AnnotationData;' @84  null (0x00000000)
 - private volatile transient 'annotationType' 'Lsun/reflect/annotation/AnnotationType;' @88  null (0x00000000)
 - transient 'classValueMap' 'Ljava/lang/ClassValue$ClassValueMap;' @92  null (0x00000000)
 - injected 'protection_domain' 'Ljava/lang/Object;' @96  a 'java/security/ProtectionDomain'{0x0000000600123b18} (0xc0024763)
 - injected 'signers_name' 'Ljava/lang/Object;' @100  null (0x00000000)
 - injected 'source_file' 'Ljava/lang/Object;' @104  null (0x00000000)
 - injected '<init_lock>' 'Ljava/lang/Object;' @108  null (0x00000000)
 - signature: Lnet/rubygrapefruit/platform/internal/jni/PosixProcessFunctions;
 - ---- static fields (0):
R12=0x0 is null
R13={method} {0x000001e2efc182b0} 'setEnvironmentVariable' '(Ljava/lang/String;Ljava/lang/String;Lnet/rubygrapefruit/platform/internal/FunctionResult;)V' in 'net/rubygrapefruit/platform/internal/jni/PosixProcessFunctions'
R14=0x0000002010bfef78 is pointing into the stack for thread: 0x000001e2f3e78df0
R15=0x000001e2f3e78df0 is a thread

Top of Stack: (sp=0x0000002010bfeeb8)
0x0000002010bfeeb8:   000001e2d171cd4b 0000000000000000
0x0000002010bfeec8:   0000002010bfeee0 0000002010bfef30
0x0000002010bfeed8:   000001e2d17189d2 0000002010bfef68
0x0000002010bfeee8:   0000002010bfeee8 000001e2f01d9a2c
0x0000002010bfeef8:   0000000000000003 0000002010bfef00
0x0000002010bfef08:   0000000000000000 0000000000000006
0x0000002010bfef18:   000001e2efc18338 0000000000000000
0x0000002010bfef28:   0000000605d59928 000001e2efc182a8
0x0000002010bfef38:   0000000000000000 0000002010bfef68
0x0000002010bfef48:   0000002010bfefc8 000001e2d1718860
0x0000002010bfef58:   0000000605d59928 000001e2d171a3d7
0x0000002010bfef68:   00000006027a06c0 0000000600f578f8
0x0000002010bfef78:   0000000600104c68 0000002010bfef80
0x0000002010bfef88:   000001e2efc06f23 0000000000000005
0x0000002010bfef98:   000001e2efc07038 0000000000000000
0x0000002010bfefa8:   0000000605d5d0f8 000001e2efc06f90
0x0000002010bfefb8:   0000002010bfef68 0000002010bfefe0
0x0000002010bfefc8:   0000002010bff050 000001e2d1718d06
0x0000002010bfefd8:   00000006027a06c0 0000000600f578f8
0x0000002010bfefe8:   0000000600104c68 0000000605cebe28
0x0000002010bfeff8:   0000000000000009 0000000605cebe48
0x0000002010bff008:   0000002010bfeff8 000001e2efc05adb
0x0000002010bff018:   0000000000000006 000001e2efc06090
0x0000002010bff028:   0000000000000000 0000000605d5d060
0x0000002010bff038:   000001e2efc05b40 0000002010bfefe0
0x0000002010bff048:   0000002010bff070 0000002010bff0d0
0x0000002010bff058:   000001e2d1718d06 0000000000000000
0x0000002010bff068:   0000000605cebe48 0000000600f578f8
0x0000002010bff078:   0000000600104c68 0000000605cebe00
0x0000002010bff088:   0000002010bff088 000001e2efc0778e
0x0000002010bff098:   0000000000000004 000001e2efc0d268
0x0000002010bff0a8:   0000000000000000 0000000605d5d200 

Instructions: (pc=0x000001e2d171cd4b)
0x000001e2d171cc4b:   4c 89 5d 10 48 8d 55 10 48 8b 43 70 49 ba 00 cc
0x000001e2d171cc5b:   51 c2 fc 7f 00 00 49 3b c2 0f 85 ab 00 00 00 e8
0x000001e2d171cc6b:   05 00 00 00 e9 99 00 00 00 48 8b d3 48 8d 44 24
0x000001e2d171cc7b:   08 4c 89 6d c0 49 8b cf c5 f8 77 49 89 af a8 03
0x000001e2d171cc8b:   00 00 49 89 87 98 03 00 00 48 83 ec 20 40 f6 c4
0x000001e2d171cc9b:   0f 0f 84 19 00 00 00 48 83 ec 08 48 b8 50 80 1b
0x000001e2d171ccab:   c2 fc 7f 00 00 ff d0 48 83 c4 08 e9 0c 00 00 00
0x000001e2d171ccbb:   48 b8 50 80 1b c2 fc 7f 00 00 ff d0 48 83 c4 20
0x000001e2d171cccb:   49 c7 87 98 03 00 00 00 00 00 00 49 c7 87 a8 03
0x000001e2d171ccdb:   00 00 00 00 00 00 49 c7 87 a0 03 00 00 00 00 00
0x000001e2d171cceb:   00 c5 f8 77 49 83 7f 08 00 0f 84 05 00 00 00 e9
0x000001e2d171ccfb:   01 42 ff ff 4c 8b 6d c0 4c 8b 75 c8 4e 8d 74 f5
0x000001e2d171cd0b:   00 c3 48 8b 5d e8 48 8b 43 70 49 8d 8f b8 03 00
0x000001e2d171cd1b:   00 c5 f8 77 49 89 af a8 03 00 00 49 ba 1c cd 71
0x000001e2d171cd2b:   d1 e2 01 00 00 4d 89 97 a0 03 00 00 49 89 a7 98
0x000001e2d171cd3b:   03 00 00 41 c7 87 44 04 00 00 04 00 00 00 ff d0
0x000001e2d171cd4b:   c5 f8 77 48 83 ec 10 c5 fb 11 04 24 48 83 ec 10
0x000001e2d171cd5b:   48 89 04 24 48 c7 44 24 08 00 00 00 00 41 c7 87
0x000001e2d171cd6b:   44 04 00 00 05 00 00 00 f0 83 44 24 c0 00 49 3b
0x000001e2d171cd7b:   af 48 04 00 00 0f 87 0e 00 00 00 41 83 bf 40 04
0x000001e2d171cd8b:   00 00 00 0f 84 20 00 00 00 49 8b cf 4c 8b e4 48
0x000001e2d171cd9b:   83 ec 20 48 83 e4 f0 48 b8 20 dc 1c c2 fc 7f 00
0x000001e2d171cdab:   00 ff d0 49 8b e4 4d 33 e4 41 c7 87 44 04 00 00
0x000001e2d171cdbb:   08 00 00 00 49 c7 87 98 03 00 00 00 00 00 00 49
0x000001e2d171cdcb:   c7 87 a8 03 00 00 00 00 00 00 49 c7 87 a0 03 00
0x000001e2d171cddb:   00 00 00 00 00 c5 f8 77 4d 8b 9f 28 04 00 00 41
0x000001e2d171cdeb:   c7 83 00 01 00 00 00 00 00 00 49 bb da a3 71 d1
0x000001e2d171cdfb:   e2 01 00 00 4c 3b 5d 18 0f 85 24 02 00 00 48 8b
0x000001e2d171ce0b:   04 24 48 83 c4 10 48 85 c0 0f 84 fe 01 00 00 a8
0x000001e2d171ce1b:   03 0f 85 08 00 00 00 48 8b 00 e9 ee 01 00 00 a8
0x000001e2d171ce2b:   01 0f 85 09 00 00 00 48 8b 40 fe e9 dd 01 00 00
0x000001e2d171ce3b:   48 8b 40 ff 41 80 7f 40 00 0f 84 ce 01 00 00 48 


Stack slot to memory mapping:

stack at sp + 0 slots: 0x0 is null
stack at sp + 1 slots: 0x0000002010bfeee0 is pointing into the stack for thread: 0x000001e2f3e78df0
stack at sp + 2 slots: 0x0000002010bfef30 is pointing into the stack for thread: 0x000001e2f3e78df0
stack at sp + 3 slots: 0x000001e2d17189d2 is at code_begin+1554 in an Interpreter codelet
return entry points  [0x000001e2d17183c0, 0x000001e2d1718f60]  2976 bytes
stack at sp + 4 slots: 0x0000002010bfef68 is pointing into the stack for thread: 0x000001e2f3e78df0
stack at sp + 5 slots: 0x0000002010bfeee8 is pointing into the stack for thread: 0x000001e2f3e78df0
stack at sp + 6 slots: 0x000001e2f01d9a2c is pointing into metadata
stack at sp + 7 slots: 0x0000000000000003 is an unknown value


---------------  P R O C E S S  ---------------

Threads class SMR info:
_java_thread_list=0x000001e2f327f470, length=22, elements={
0x000001e2be886320, 0x000001e2ee28a2a0, 0x000001e2ee28b0b0, 0x000001e2ee2ba7f0,
0x000001e2ee2bb240, 0x000001e2ee2bbc90, 0x000001e2ee2c48c0, 0x000001e2ee2c5640,
0x000001e2ee339970, 0x000001e2ee09bdb0, 0x000001e2ee5cf340, 0x000001e2f3300420,
0x000001e2ee6670c0, 0x000001e2f353e020, 0x000001e2f4047370, 0x000001e2f3dbf960,
0x000001e2f3b39eb0, 0x000001e2f3e78df0, 0x000001e2f3e51ce0, 0x000001e2f3e52370,
0x000001e2f3e4f580, 0x000001e2f554fc10
}

Java Threads: ( => current thread )
  0x000001e2be886320 JavaThread "main"                              [_thread_blocked, id=11440, stack(0x000000200f000000,0x000000200f100000) (1024K)]
  0x000001e2ee28a2a0 JavaThread "Reference Handler"          daemon [_thread_blocked, id=13204, stack(0x000000200f800000,0x000000200f900000) (1024K)]
  0x000001e2ee28b0b0 JavaThread "Finalizer"                  daemon [_thread_blocked, id=10080, stack(0x000000200f900000,0x000000200fa00000) (1024K)]
  0x000001e2ee2ba7f0 JavaThread "Signal Dispatcher"          daemon [_thread_blocked, id=5080, stack(0x000000200fa00000,0x000000200fb00000) (1024K)]
  0x000001e2ee2bb240 JavaThread "Attach Listener"            daemon [_thread_blocked, id=9844, stack(0x000000200fb00000,0x000000200fc00000) (1024K)]
  0x000001e2ee2bbc90 JavaThread "Service Thread"             daemon [_thread_blocked, id=8400, stack(0x000000200fc00000,0x000000200fd00000) (1024K)]
  0x000001e2ee2c48c0 JavaThread "Monitor Deflation Thread"   daemon [_thread_blocked, id=6372, stack(0x000000200fd00000,0x000000200fe00000) (1024K)]
  0x000001e2ee2c5640 JavaThread "C2 CompilerThread0"         daemon [_thread_blocked, id=13656, stack(0x000000200fe00000,0x000000200ff00000) (1024K)]
  0x000001e2ee339970 JavaThread "C1 CompilerThread0"         daemon [_thread_blocked, id=12016, stack(0x000000200ff00000,0x0000002010000000) (1024K)]
  0x000001e2ee09bdb0 JavaThread "Common-Cleaner"             daemon [_thread_blocked, id=7036, stack(0x0000002010000000,0x0000002010100000) (1024K)]
  0x000001e2ee5cf340 JavaThread "Notification Thread"        daemon [_thread_blocked, id=3924, stack(0x0000002010100000,0x0000002010200000) (1024K)]
  0x000001e2f3300420 JavaThread "Daemon health stats"               [_thread_blocked, id=1028, stack(0x000000200ed00000,0x000000200ee00000) (1024K)]
  0x000001e2ee6670c0 JavaThread "Incoming local TCP Connector on port 51104"        [_thread_in_native, id=8836, stack(0x0000002010600000,0x0000002010700000) (1024K)]
  0x000001e2f353e020 JavaThread "Daemon periodic checks"            [_thread_blocked, id=10416, stack(0x0000002010700000,0x0000002010800000) (1024K)]
  0x000001e2f4047370 JavaThread "Daemon"                            [_thread_blocked, id=5272, stack(0x0000002010800000,0x0000002010900000) (1024K)]
  0x000001e2f3dbf960 JavaThread "Handler for socket connection from /127.0.0.1:51104 to /127.0.0.1:51105"        [_thread_in_native, id=7404, stack(0x0000002010900000,0x0000002010a00000) (1024K)]
  0x000001e2f3b39eb0 JavaThread "Cancel handler"                    [_thread_blocked, id=4532, stack(0x0000002010a00000,0x0000002010b00000) (1024K)]
=>0x000001e2f3e78df0 JavaThread "Daemon worker"                     [_thread_in_native, id=9664, stack(0x0000002010b00000,0x0000002010c00000) (1024K)]
  0x000001e2f3e51ce0 JavaThread "Cache worker for journal cache (C:\Users\Ashraf\.gradle\caches\journal-1)"        [_thread_blocked, id=13744, stack(0x0000002010500000,0x0000002010600000) (1024K)]
  0x000001e2f3e52370 JavaThread "File lock request listener"        [_thread_in_native, id=14332, stack(0x0000002010f00000,0x0000002011000000) (1024K)]
  0x000001e2f3e4f580 JavaThread "Cache worker for file hash cache (C:\Users\Ashraf\.gradle\caches\8.12\fileHashes)"        [_thread_blocked, id=13256, stack(0x0000002011000000,0x0000002011100000) (1024K)]
  0x000001e2f554fc10 JavaThread "C2 CompilerThread1"         daemon [_thread_blocked, id=14504, stack(0x0000002010e00000,0x0000002010f00000) (1024K)]
Total: 22

Other Threads:
  0x000001e2ee12fed0 VMThread "VM Thread"                           [id=8740, stack(0x000000200f700000,0x000000200f800000) (1024K)]
  0x000001e2ee09b1d0 WatcherThread "VM Periodic Task Thread"        [id=13740, stack(0x000000200f600000,0x000000200f700000) (1024K)]
  0x000001e2be92cf90 WorkerThread "GC Thread#0"                     [id=10128, stack(0x000000200f100000,0x000000200f200000) (1024K)]
  0x000001e2ee69d220 WorkerThread "GC Thread#1"                     [id=4884, stack(0x0000002010200000,0x0000002010300000) (1024K)]
  0x000001e2ee69d5c0 WorkerThread "GC Thread#2"                     [id=14376, stack(0x0000002010300000,0x0000002010400000) (1024K)]
  0x000001e2f392a4f0 WorkerThread "GC Thread#3"                     [id=8780, stack(0x0000002010400000,0x0000002010500000) (1024K)]
  0x000001e2be93de80 ConcurrentGCThread "G1 Main Marker"            [id=13788, stack(0x000000200f200000,0x000000200f300000) (1024K)]
  0x000001e2be93f0a0 WorkerThread "G1 Conc#0"                       [id=3412, stack(0x000000200f300000,0x000000200f400000) (1024K)]
  0x000001e2be94ea40 ConcurrentGCThread "G1 Refine#0"               [id=13524, stack(0x000000200f400000,0x000000200f500000) (1024K)]
  0x000001e2edf6fe30 ConcurrentGCThread "G1 Service"                [id=8656, stack(0x000000200f500000,0x000000200f600000) (1024K)]
Total: 10

Threads with active compile tasks:
Total: 0

VM state: not at safepoint (normal execution)

VM Mutex/Monitor currently owned by a thread: None

Heap address: 0x0000000600000000, size: 8192 MB, Compressed Oops mode: Zero based, Oop shift amount: 3

CDS archive(s) not mapped
Compressed class space mapped at: 0x0000000800000000-0x0000000840000000, reserved size: 1073741824
Narrow klass base: 0x0000000800000000, Narrow klass shift: 0, Narrow klass range: 0x40000000

GC Precious Log:
 CardTable entry size: 512
 Card Set container configuration: InlinePtr #cards 4 size 8 Array Of Cards #cards 32 size 80 Howl #buckets 8 coarsen threshold 7372 Howl Bitmap #cards 1024 size 144 coarsen threshold 921 Card regions per heap region 1 cards per card region 8192
 CPUs: 4 total, 4 available
 Memory: 8148M
 Large Page Support: Disabled
 NUMA Support: Disabled
 Compressed Oops: Enabled (Zero based)
 Heap Region Size: 4M
 Heap Min Capacity: 8M
 Heap Initial Capacity: 128M
 Heap Max Capacity: 8G
 Pre-touch: Disabled
 Parallel Workers: 4
 Concurrent Workers: 1
 Concurrent Refinement Workers: 4
 Periodic GC: Disabled

Heap:
 garbage-first heap   total 81920K, used 57584K [0x0000000600000000, 0x0000000800000000)
  region size 4096K, 11 young (45056K), 1 survivors (4096K)
 Metaspace       used 27734K, committed 28224K, reserved 1114112K
  class space    used 3429K, committed 3648K, reserved 1048576K

Heap Regions: E=young(eden), S=young(survivor), O=old, HS=humongous(starts), HC=humongous(continues), CS=collection set, F=free, TAMS=top-at-mark-start, PB=parsable bottom
|   0|0x0000000600000000, 0x0000000600400000, 0x0000000600400000|100%| O|  |TAMS 0x0000000600000000| PB 0x0000000600000000| Untracked 
|   1|0x0000000600400000, 0x0000000600800000, 0x0000000600800000|100%|HS|  |TAMS 0x0000000600400000| PB 0x0000000600400000| Complete 
|   2|0x0000000600800000, 0x0000000600c00000, 0x0000000600c00000|100%| O|  |TAMS 0x0000000600800000| PB 0x0000000600800000| Untracked 
|   3|0x0000000600c00000, 0x0000000601000000, 0x0000000601000000|100%| O|  |TAMS 0x0000000600c00000| PB 0x0000000600c00000| Untracked 
|   4|0x0000000601000000, 0x000000060103f540, 0x0000000601400000|  6%| O|Cm|TAMS 0x0000000601000000| PB 0x0000000601000000| Complete 
|   5|0x0000000601400000, 0x0000000601400000, 0x0000000601800000|  0%| F|  |TAMS 0x0000000601400000| PB 0x0000000601400000| Untracked 
|   6|0x0000000601800000, 0x0000000601800000, 0x0000000601c00000|  0%| F|  |TAMS 0x0000000601800000| PB 0x0000000601800000| Untracked 
|   7|0x0000000601c00000, 0x0000000601c00000, 0x0000000602000000|  0%| F|  |TAMS 0x0000000601c00000| PB 0x0000000601c00000| Untracked 
|   8|0x0000000602000000, 0x0000000602000000, 0x0000000602400000|  0%| F|  |TAMS 0x0000000602000000| PB 0x0000000602000000| Untracked 
|   9|0x0000000602400000, 0x0000000602800000, 0x0000000602800000|100%| E|  |TAMS 0x0000000602400000| PB 0x0000000602400000| Complete 
|  10|0x0000000602800000, 0x0000000602c00000, 0x0000000602c00000|100%| E|CS|TAMS 0x0000000602800000| PB 0x0000000602800000| Complete 
|  11|0x0000000602c00000, 0x0000000603000000, 0x0000000603000000|100%| E|CS|TAMS 0x0000000602c00000| PB 0x0000000602c00000| Complete 
|  12|0x0000000603000000, 0x0000000603400000, 0x0000000603400000|100%| E|CS|TAMS 0x0000000603000000| PB 0x0000000603000000| Complete 
|  13|0x0000000603400000, 0x0000000603800000, 0x0000000603800000|100%| E|CS|TAMS 0x0000000603400000| PB 0x0000000603400000| Complete 
|  14|0x0000000603800000, 0x0000000603c00000, 0x0000000603c00000|100%| E|CS|TAMS 0x0000000603800000| PB 0x0000000603800000| Complete 
|  15|0x0000000603c00000, 0x0000000604000000, 0x0000000604000000|100%| E|CS|TAMS 0x0000000603c00000| PB 0x0000000603c00000| Complete 
|  16|0x0000000604000000, 0x0000000604400000, 0x0000000604400000|100%| E|CS|TAMS 0x0000000604000000| PB 0x0000000604000000| Complete 
|  17|0x0000000604400000, 0x0000000604800000, 0x0000000604800000|100%| E|CS|TAMS 0x0000000604400000| PB 0x0000000604400000| Complete 
|  23|0x0000000605c00000, 0x0000000605ffcdb0, 0x0000000606000000| 99%| S|CS|TAMS 0x0000000605c00000| PB 0x0000000605c00000| Complete 
|  31|0x0000000607c00000, 0x0000000608000000, 0x0000000608000000|100%| E|CS|TAMS 0x0000000607c00000| PB 0x0000000607c00000| Complete 

Card table byte_map: [0x000001e2e2af0000,0x000001e2e3af0000] _byte_map_base: 0x000001e2dfaf0000

Marking Bits: (CMBitMap*) 0x000001e2be92d5a0
 Bits: [0x000001e2e3af0000, 0x000001e2ebaf0000)

Polling page: 0x000001e2be050000

Metaspace:

Usage:
  Non-class:     23.73 MB used.
      Class:      3.35 MB used.
       Both:     27.08 MB used.

Virtual space:
  Non-class space:       64.00 MB reserved,      24.00 MB ( 38%) committed,  1 nodes.
      Class space:        1.00 GB reserved,       3.56 MB ( <1%) committed,  1 nodes.
             Both:        1.06 GB reserved,      27.56 MB (  3%) committed. 

Chunk freelists:
   Non-Class:  7.62 MB
       Class:  12.31 MB
        Both:  19.94 MB

MaxMetaspaceSize: 4.00 GB
CompressedClassSpaceSize: 1.00 GB
Initial GC threshold: 21.00 MB
Current GC threshold: 35.25 MB
CDS: off
 - commit_granule_bytes: 65536.
 - commit_granule_words: 8192.
 - virtual_space_node_default_size: 8388608.
 - enlarge_chunks_in_place: 1.
 - use_allocation_guard: 0.


Internal statistics:

num_allocs_failed_limit: 3.
num_arena_births: 706.
num_arena_deaths: 0.
num_vsnodes_births: 2.
num_vsnodes_deaths: 0.
num_space_committed: 441.
num_space_uncommitted: 0.
num_chunks_returned_to_freelist: 3.
num_chunks_taken_from_freelist: 1400.
num_chunk_merges: 3.
num_chunk_splits: 898.
num_chunks_enlarged: 603.
num_inconsistent_stats: 0.

CodeHeap 'non-profiled nmethods': size=259264Kb used=1587Kb max_used=1587Kb free=257676Kb
 bounds [0x000001e2d1cb0000, 0x000001e2d1f20000, 0x000001e2e19e0000]
CodeHeap 'profiled nmethods': size=259264Kb used=5846Kb max_used=5846Kb free=253417Kb
 bounds [0x000001e2c19e0000, 0x000001e2c1fa0000, 0x000001e2d1710000]
CodeHeap 'non-nmethods': size=5760Kb used=1484Kb max_used=1532Kb free=4275Kb
 bounds [0x000001e2d1710000, 0x000001e2d1980000, 0x000001e2d1cb0000]
 total_blobs=3505 nmethods=2927 adapters=482
 compilation: enabled
              stopped_count=0, restarted_count=0
 full_count=0

Compilation events (20 events):
Event: 49.485 Thread 0x000001e2ee339970 2918       3       org.gradle.internal.dispatch.ReflectionDispatch::dispatch (9 bytes)
Event: 49.485 Thread 0x000001e2ee339970 nmethod 2918 0x000001e2c1f90b90 code [0x000001e2c1f90d40, 0x000001e2c1f90f88]
Event: 49.485 Thread 0x000001e2ee339970 2919   !   3       org.gradle.internal.dispatch.ReflectionDispatch::dispatch (42 bytes)
Event: 49.486 Thread 0x000001e2ee2c5640 nmethod 2917 0x000001e2d1e39a90 code [0x000001e2d1e39c20, 0x000001e2d1e39de0]
Event: 49.486 Thread 0x000001e2ee339970 nmethod 2919 0x000001e2c1f91090 code [0x000001e2c1f91360, 0x000001e2c1f92050]
Event: 49.486 Thread 0x000001e2ee339970 2920       3       java.lang.invoke.DirectMethodHandle$Interface::checkReceiver (82 bytes)
Event: 49.487 Thread 0x000001e2ee339970 nmethod 2920 0x000001e2c1f92790 code [0x000001e2c1f92b40, 0x000001e2c1f94498]
Event: 49.489 Thread 0x000001e2ee2c5640 2921       4       org.gradle.internal.logging.text.AbstractLineChoppingStyledTextOutput$1::execute (9 bytes)
Event: 49.489 Thread 0x000001e2ee339970 2926       2       org.gradle.internal.logging.text.AbstractLineChoppingStyledTextOutput$2::execute (77 bytes)
Event: 49.490 Thread 0x000001e2ee339970 nmethod 2926 0x000001e2c1f94c90 code [0x000001e2c1f94ea0, 0x000001e2c1f952d8]
Event: 49.490 Thread 0x000001e2f554fc10 2922       4       org.gradle.internal.logging.text.AbstractLineChoppingStyledTextOutput$1::execute (140 bytes)
Event: 49.492 Thread 0x000001e2ee339970 2927       3       java.lang.ref.WeakReference::<init> (6 bytes)
Event: 49.492 Thread 0x000001e2ee339970 nmethod 2927 0x000001e2c1f95590 code [0x000001e2c1f95760, 0x000001e2c1f95a78]
Event: 49.495 Thread 0x000001e2ee2c5640 nmethod 2921 0x000001e2d1e39e90 code [0x000001e2d1e3a0c0, 0x000001e2d1e3a730]
Event: 49.495 Thread 0x000001e2ee2c5640 2923       4       org.gradle.internal.logging.text.AbstractLineChoppingStyledTextOutput$SeenFromEol::none (13 bytes)
Event: 49.496 Thread 0x000001e2ee2c5640 nmethod 2923 0x000001e2d1e3ad90 code [0x000001e2d1e3af20, 0x000001e2d1e3afc8]
Event: 49.496 Thread 0x000001e2ee2c5640 2924       4       org.gradle.internal.logging.text.AbstractLineChoppingStyledTextOutput::access$800 (4 bytes)
Event: 49.496 Thread 0x000001e2f554fc10 nmethod 2922 0x000001e2d1e3b090 code [0x000001e2d1e3b2c0, 0x000001e2d1e3b908]
Event: 49.496 Thread 0x000001e2f554fc10 2925       4       org.gradle.internal.logging.text.AbstractLineChoppingStyledTextOutput$2::execute (9 bytes)
Event: 49.496 Thread 0x000001e2ee2c5640 nmethod 2924 0x000001e2d1e3bf10 code [0x000001e2d1e3c0a0, 0x000001e2d1e3c110]

GC Heap History (8 events):
Event: 2.048 GC heap before
{Heap before GC invocations=0 (full 0):
 garbage-first heap   total 131072K, used 8192K [0x0000000600000000, 0x0000000800000000)
  region size 4096K, 2 young (8192K), 0 survivors (0K)
 Metaspace       used 7335K, committed 7424K, reserved 1114112K
  class space    used 665K, committed 704K, reserved 1048576K
}
Event: 2.051 GC heap after
{Heap after GC invocations=1 (full 0):
 garbage-first heap   total 131072K, used 1194K [0x0000000600000000, 0x0000000800000000)
  region size 4096K, 1 young (4096K), 1 survivors (4096K)
 Metaspace       used 7335K, committed 7424K, reserved 1114112K
  class space    used 665K, committed 704K, reserved 1048576K
}
Event: 2.307 GC heap before
{Heap before GC invocations=1 (full 0):
 garbage-first heap   total 131072K, used 17578K [0x0000000600000000, 0x0000000800000000)
  region size 4096K, 5 young (20480K), 1 survivors (4096K)
 Metaspace       used 8002K, committed 8128K, reserved 1114112K
  class space    used 709K, committed 768K, reserved 1048576K
}
Event: 2.310 GC heap after
{Heap after GC invocations=2 (full 0):
 garbage-first heap   total 131072K, used 4689K [0x0000000600000000, 0x0000000800000000)
  region size 4096K, 1 young (4096K), 1 survivors (4096K)
 Metaspace       used 8002K, committed 8128K, reserved 1114112K
  class space    used 709K, committed 768K, reserved 1048576K
}
Event: 29.028 GC heap before
{Heap before GC invocations=2 (full 0):
 garbage-first heap   total 131072K, used 78417K [0x0000000600000000, 0x0000000800000000)
  region size 4096K, 19 young (77824K), 1 survivors (4096K)
 Metaspace       used 12466K, committed 12672K, reserved 1114112K
  class space    used 1328K, committed 1408K, reserved 1048576K
}
Event: 29.038 GC heap after
{Heap after GC invocations=3 (full 0):
 garbage-first heap   total 131072K, used 16915K [0x0000000600000000, 0x0000000800000000)
  region size 4096K, 3 young (12288K), 3 survivors (12288K)
 Metaspace       used 12466K, committed 12672K, reserved 1114112K
  class space    used 1328K, committed 1408K, reserved 1048576K
}
Event: 33.243 GC heap before
{Heap before GC invocations=3 (full 0):
 garbage-first heap   total 131072K, used 45587K [0x0000000600000000, 0x0000000800000000)
  region size 4096K, 11 young (45056K), 3 survivors (12288K)
 Metaspace       used 21180K, committed 21504K, reserved 1114112K
  class space    used 2441K, committed 2560K, reserved 1048576K
}
Event: 33.253 GC heap after
{Heap after GC invocations=4 (full 0):
 garbage-first heap   total 131072K, used 20720K [0x0000000600000000, 0x0000000800000000)
  region size 4096K, 1 young (4096K), 1 survivors (4096K)
 Metaspace       used 21180K, committed 21504K, reserved 1114112K
  class space    used 2441K, committed 2560K, reserved 1048576K
}

Dll operation events (3 events):
Event: 1.124 Loaded shared library C:\Program Files\Android\Android Studio\jbr\bin\java.dll
Event: 1.130 Loaded shared library C:\Program Files\Android\Android Studio\jbr\bin\zip.dll
Event: 2.372 Loaded shared library C:\Program Files\Android\Android Studio\jbr\bin\verify.dll

Deoptimization events (20 events):
Event: 41.649 Thread 0x000001e2f3e78df0 Uncommon trap: trap_request=0xffffff45 fr.pc=0x000001e2d1cde694 relative=0x00000000000000f4
Event: 41.649 Thread 0x000001e2f3e78df0 Uncommon trap: reason=unstable_if action=reinterpret pc=0x000001e2d1cde694 method=java.util.HashMap.hash(Ljava/lang/Object;)I @ 1 c2
Event: 41.649 Thread 0x000001e2f3e78df0 DEOPT PACKING pc=0x000001e2d1cde694 sp=0x0000002010bfc900
Event: 41.649 Thread 0x000001e2f3e78df0 DEOPT UNPACKING pc=0x000001e2d17646a2 sp=0x0000002010bfc840 mode 2
Event: 43.037 Thread 0x000001e2f3e78df0 Uncommon trap: trap_request=0xffffff45 fr.pc=0x000001e2d1d67cd4 relative=0x00000000000007f4
Event: 43.037 Thread 0x000001e2f3e78df0 Uncommon trap: reason=unstable_if action=reinterpret pc=0x000001e2d1d67cd4 method=java.util.ArrayList.grow(I)[Ljava/lang/Object; @ 17 c2
Event: 43.037 Thread 0x000001e2f3e78df0 DEOPT PACKING pc=0x000001e2d1d67cd4 sp=0x0000002010bfd650
Event: 43.037 Thread 0x000001e2f3e78df0 DEOPT UNPACKING pc=0x000001e2d17646a2 sp=0x0000002010bfd4e8 mode 2
Event: 49.483 Thread 0x000001e2f3e78df0 Uncommon trap: trap_request=0x0000002f fr.pc=0x000001e2d1e30144 relative=0x0000000000008b04
Event: 49.483 Thread 0x000001e2f3e78df0 Uncommon trap: reason=unloaded action=reinterpret pc=0x000001e2d1e30144 method=java.net.URLClassLoader$1.run()Ljava/lang/Class; @ 48 c2
Event: 49.483 Thread 0x000001e2f3e78df0 DEOPT PACKING pc=0x000001e2d1e30144 sp=0x0000002010bfc0c0
Event: 49.483 Thread 0x000001e2f3e78df0 DEOPT UNPACKING pc=0x000001e2d17646a2 sp=0x0000002010bfbf80 mode 2
Event: 49.484 Thread 0x000001e2f3e78df0 Uncommon trap: trap_request=0xffffffde fr.pc=0x000001e2d1e388a4 relative=0x00000000000002e4
Event: 49.484 Thread 0x000001e2f3e78df0 Uncommon trap: reason=class_check action=maybe_recompile pc=0x000001e2d1e388a4 method=java.util.Collections$SetFromMap.remove(Ljava/lang/Object;)Z @ 5 c2
Event: 49.484 Thread 0x000001e2f3e78df0 DEOPT PACKING pc=0x000001e2d1e388a4 sp=0x0000002010bfd930
Event: 49.484 Thread 0x000001e2f3e78df0 DEOPT UNPACKING pc=0x000001e2d17646a2 sp=0x0000002010bfd918 mode 2
Event: 49.484 Thread 0x000001e2f3e78df0 Uncommon trap: trap_request=0x00000091 fr.pc=0x000001e2d1dff728 relative=0x00000000000000e8
Event: 49.484 Thread 0x000001e2f3e78df0 Uncommon trap: reason=unloaded action=reinterpret pc=0x000001e2d1dff728 method=java.security.AccessController.wrapException(Ljava/lang/Exception;)Ljava/security/PrivilegedActionException; @ 0 c2
Event: 49.484 Thread 0x000001e2f3e78df0 DEOPT PACKING pc=0x000001e2d1dff728 sp=0x0000002010bfd090
Event: 49.484 Thread 0x000001e2f3e78df0 DEOPT UNPACKING pc=0x000001e2d17646a2 sp=0x0000002010bfcfc8 mode 2

Classes loaded (20 events):
Event: 43.628 Loading class java/lang/invoke/BoundMethodHandle$Species_LLLLLLLLLLLLLLLLLLLLLL
Event: 43.628 Loading class java/lang/invoke/BoundMethodHandle$Species_LLLLLLLLLLLLLLLLLLLLLL done
Event: 43.630 Loading class java/lang/invoke/BoundMethodHandle$Species_LLLLLLLLLLLLLLLLLLLLLLL
Event: 43.630 Loading class java/lang/invoke/BoundMethodHandle$Species_LLLLLLLLLLLLLLLLLLLLLLL done
Event: 43.632 Loading class java/lang/invoke/BoundMethodHandle$Species_LLLLLLLLLLLLLLLLLLLLLLLL
Event: 43.632 Loading class java/lang/invoke/BoundMethodHandle$Species_LLLLLLLLLLLLLLLLLLLLLLLL done
Event: 47.510 Loading class java/util/function/LongFunction
Event: 47.510 Loading class java/util/function/LongFunction done
Event: 49.482 Loading class java/util/zip/DataFormatException
Event: 49.483 Loading class java/util/zip/DataFormatException done
Event: 49.483 Loading class java/io/InterruptedIOException
Event: 49.483 Loading class java/io/InterruptedIOException done
Event: 49.483 Loading class java/lang/invoke/WrongMethodTypeException
Event: 49.483 Loading class java/lang/invoke/WrongMethodTypeException done
Event: 49.491 Loading class java/lang/Throwable$WrappedPrintStream
Event: 49.491 Loading class java/lang/Throwable$PrintStreamOrWriter
Event: 49.491 Loading class java/lang/Throwable$PrintStreamOrWriter done
Event: 49.491 Loading class java/lang/Throwable$WrappedPrintStream done
Event: 49.493 Loading class java/util/concurrent/locks/AbstractQueuedSynchronizer$SharedNode
Event: 49.493 Loading class java/util/concurrent/locks/AbstractQueuedSynchronizer$SharedNode done

Classes unloaded (0 events):
No events

Classes redefined (0 events):
No events

Internal exceptions (20 events):
Event: 49.484 Thread 0x000001e2f3e78df0 Exception <a 'java/io/IOException'{0x0000000602776d48}> (0x0000000602776d48) 
thrown [s\src\hotspot\share\prims\jni.cpp, line 535]
Event: 49.484 Thread 0x000001e2f3e78df0 Exception <a 'java/lang/NoClassDefFoundError'{0x0000000602777e60}: org/gradle/internal/resources/DefaultResourceLockCoordinationService$ReleaseLocks> (0x0000000602777e60) 
thrown [s\src\hotspot\share\classfile\systemDictionary.cpp, line 301]
Event: 49.485 Thread 0x000001e2f3e78df0 Exception <a 'java/io/IOException'{0x000000060277a8e0}> (0x000000060277a8e0) 
thrown [s\src\hotspot\share\prims\jni.cpp, line 535]
Event: 49.485 Thread 0x000001e2f3e78df0 Exception <a 'java/lang/NoClassDefFoundError'{0x000000060277b9d8}: org/gradle/execution/PassThruCancellableOperationManager> (0x000000060277b9d8) 
thrown [s\src\hotspot\share\classfile\systemDictionary.cpp, line 301]
Event: 49.485 Thread 0x000001e2f3e78df0 Exception <a 'java/lang/IncompatibleClassChangeError'{0x000000060277c230}: Found class java.lang.Object, but interface was expected> (0x000000060277c230) 
thrown [s\src\hotspot\share\interpreter\linkResolver.cpp, line 851]
Event: 49.487 Thread 0x000001e2f3e78df0 Exception <a 'java/io/IOException'{0x00000006027825b0}> (0x00000006027825b0) 
thrown [s\src\hotspot\share\prims\jni.cpp, line 535]
Event: 49.487 Thread 0x000001e2f3e78df0 Exception <a 'java/lang/NoClassDefFoundError'{0x0000000602783c10}: org/gradle/api/internal/provider/ValueSupplier$ValueConsumer> (0x0000000602783c10) 
thrown [s\src\hotspot\share\classfile\systemDictionary.cpp, line 301]
Event: 49.487 Thread 0x000001e2f3e78df0 Exception <a 'java/io/IOException'{0x0000000602786748}> (0x0000000602786748) 
thrown [s\src\hotspot\share\prims\jni.cpp, line 535]
Event: 49.487 Thread 0x000001e2f3e78df0 Exception <a 'java/lang/NoClassDefFoundError'{0x0000000602787b00}: org/gradle/internal/exceptions/DefaultMultiCauseException$HideStacktrace> (0x0000000602787b00) 
thrown [s\src\hotspot\share\classfile\systemDictionary.cpp, line 301]
Event: 49.487 Thread 0x000001e2f3e78df0 Exception <a 'java/io/IOException'{0x000000060278a000}> (0x000000060278a000) 
thrown [s\src\hotspot\share\prims\jni.cpp, line 535]
Event: 49.487 Thread 0x000001e2f3e78df0 Exception <a 'java/lang/NoClassDefFoundError'{0x000000060278b108}: org/gradle/internal/exceptions/DefaultMultiCauseException$HideStacktrace> (0x000000060278b108) 
thrown [s\src\hotspot\share\classfile\systemDictionary.cpp, line 301]
Event: 49.488 Thread 0x000001e2f3e78df0 Exception <a 'java/io/IOException'{0x000000060278fa30}> (0x000000060278fa30) 
thrown [s\src\hotspot\share\prims\jni.cpp, line 535]
Event: 49.488 Thread 0x000001e2f3e78df0 Exception <a 'java/lang/NoClassDefFoundError'{0x0000000602790b28}: org/gradle/internal/concurrent/CompositeStoppable$3> (0x0000000602790b28) 
thrown [s\src\hotspot\share\classfile\systemDictionary.cpp, line 301]
Event: 49.488 Thread 0x000001e2f3e78df0 Exception <a 'java/lang/NoClassDefFoundError'{0x0000000602791768}: org/gradle/internal/concurrent/CompositeStoppable$3> (0x0000000602791768) 
thrown [s\src\hotspot\share\oops\constantPool.cpp, line 873]
Event: 49.488 Thread 0x000001e2f3e78df0 Exception <a 'java/io/IOException'{0x0000000602794830}> (0x0000000602794830) 
thrown [s\src\hotspot\share\prims\jni.cpp, line 535]
Event: 49.488 Thread 0x000001e2f3e78df0 Exception <a 'java/lang/NoClassDefFoundError'{0x0000000602795940}: org/gradle/initialization/exception/MultipleBuildFailuresExceptionAnalyser> (0x0000000602795940) 
thrown [s\src\hotspot\share\classfile\systemDictionary.cpp, line 301]
Event: 49.491 Thread 0x000001e2f3e78df0 Exception <a 'java/io/IOException'{0x0000000602798338}> (0x0000000602798338) 
thrown [s\src\hotspot\share\prims\jni.cpp, line 535]
Event: 49.491 Thread 0x000001e2f3e78df0 Exception <a 'java/lang/NoClassDefFoundError'{0x0000000602799430}: org/gradle/internal/operations/OperationProgressEvent> (0x0000000602799430) 
thrown [s\src\hotspot\share\classfile\systemDictionary.cpp, line 301]
Event: 49.492 Thread 0x000001e2f3e78df0 Exception <a 'java/io/IOException'{0x000000060279e4e8}> (0x000000060279e4e8) 
thrown [s\src\hotspot\share\prims\jni.cpp, line 535]
Event: 49.492 Thread 0x000001e2f3e78df0 Exception <a 'java/lang/NoClassDefFoundError'{0x000000060279f5d0}: org/gradle/internal/io/StreamByteBuffer> (0x000000060279f5d0) 
thrown [s\src\hotspot\share\classfile\systemDictionary.cpp, line 301]

ZGC Phase Switch (0 events):
No events

VM Operations (20 events):
Event: 41.313 Executing VM operation: Cleanup
Event: 41.313 Executing VM operation: Cleanup done
Event: 42.314 Executing VM operation: Cleanup
Event: 42.314 Executing VM operation: Cleanup done
Event: 43.314 Executing VM operation: Cleanup
Event: 43.314 Executing VM operation: Cleanup done
Event: 43.711 Executing VM operation: HandshakeAllThreads (Deoptimize)
Event: 43.711 Executing VM operation: HandshakeAllThreads (Deoptimize) done
Event: 43.712 Executing VM operation: HandshakeAllThreads (Deoptimize)
Event: 43.712 Executing VM operation: HandshakeAllThreads (Deoptimize) done
Event: 44.712 Executing VM operation: Cleanup
Event: 44.712 Executing VM operation: Cleanup done
Event: 45.712 Executing VM operation: Cleanup
Event: 45.712 Executing VM operation: Cleanup done
Event: 46.713 Executing VM operation: Cleanup
Event: 46.713 Executing VM operation: Cleanup done
Event: 49.483 Executing VM operation: HandshakeAllThreads (Deoptimize)
Event: 49.483 Executing VM operation: HandshakeAllThreads (Deoptimize) done
Event: 49.483 Executing VM operation: Cleanup
Event: 49.483 Executing VM operation: Cleanup done

Memory protections (0 events):
No events

Nmethod flushes (0 events):
No events

Events (20 events):
Event: 32.029 Loaded shared library C:\Program Files\Android\Android Studio\jbr\bin\extnet.dll
Event: 32.092 Thread 0x000001e2be886320 Thread added: 0x000001e2ee6670c0
Event: 32.167 Thread 0x000001e2be886320 Thread added: 0x000001e2f353e020
Event: 32.324 Thread 0x000001e2ee6670c0 Thread added: 0x000001e2f4047370
Event: 32.327 Thread 0x000001e2f4047370 Thread added: 0x000001e2f3dbf960
Event: 32.432 Thread 0x000001e2f4047370 Thread added: 0x000001e2f3b39eb0
Event: 32.439 Thread 0x000001e2f4047370 Thread added: 0x000001e2f3e78df0
Event: 32.452 Thread 0x000001e2f3e78df0 Thread added: 0x000001e2ee448610
Event: 32.482 Thread 0x000001e2f3e78df0 Thread added: 0x000001e2f3e502a0
Event: 32.484 Thread 0x000001e2f3e78df0 Thread added: 0x000001e2f3e4eef0
Event: 32.633 Thread 0x000001e2ee635d20 Thread exited: 0x000001e2ee635d20
Event: 39.312 Thread 0x000001e2f3e78df0 Thread added: 0x000001e2f3e51ce0
Event: 39.403 Thread 0x000001e2f3e78df0 Thread added: 0x000001e2f3e52370
Event: 39.853 Thread 0x000001e2f3e78df0 Thread added: 0x000001e2f3e4f580
Event: 40.748 Loaded shared library C:\Users\Ashraf\AppData\Local\Temp\native-platform15050095245285875155dir\gradle-fileevents.dll
Event: 43.628 Thread 0x000001e2ee339970 Thread added: 0x000001e2f40f3700
Event: 43.831 Thread 0x000001e2f40f3700 Thread exited: 0x000001e2f40f3700
Event: 49.489 Thread 0x000001e2f3e4eef0 Thread exited: 0x000001e2f3e4eef0
Event: 49.490 Thread 0x000001e2ee339970 Thread added: 0x000001e2f554fc10
Event: 49.493 Thread 0x000001e2f3e502a0 Thread exited: 0x000001e2f3e502a0


Dynamic libraries:
0x00007ff73e850000 - 0x00007ff73e85a000 	C:\Program Files\Android\Android Studio\jbr\bin\java.exe
0x00007ffcfd1f0000 - 0x00007ffcfd3e8000 	C:\Windows\SYSTEM32\ntdll.dll
0x00007ffcfca30000 - 0x00007ffcfcaf2000 	C:\Windows\System32\KERNEL32.DLL
0x00007ffcfaf20000 - 0x00007ffcfb216000 	C:\Windows\System32\KERNELBASE.dll
0x00007ffcfac50000 - 0x00007ffcfad50000 	C:\Windows\System32\ucrtbase.dll
0x00007ffcf7250000 - 0x00007ffcf7268000 	C:\Program Files\Android\Android Studio\jbr\bin\jli.dll
0x00007ffcf6e60000 - 0x00007ffcf6e7b000 	C:\Program Files\Android\Android Studio\jbr\bin\VCRUNTIME140.dll
0x00007ffcfb220000 - 0x00007ffcfb3bd000 	C:\Windows\System32\USER32.dll
0x00007ffcfa970000 - 0x00007ffcfa992000 	C:\Windows\System32\win32u.dll
0x00007ffcf01c0000 - 0x00007ffcf045b000 	C:\Windows\WinSxS\amd64_microsoft.windows.common-controls_6595b64144ccf1df_6.0.19041.6280_none_60bc30a171f2f3f3\COMCTL32.dll
0x00007ffcfcfc0000 - 0x00007ffcfcfeb000 	C:\Windows\System32\GDI32.dll
0x00007ffcfbca0000 - 0x00007ffcfbd3e000 	C:\Windows\System32\msvcrt.dll
0x00007ffcfad50000 - 0x00007ffcfae69000 	C:\Windows\System32\gdi32full.dll
0x00007ffcfa9a0000 - 0x00007ffcfaa3d000 	C:\Windows\System32\msvcp_win.dll
0x00007ffcfd090000 - 0x00007ffcfd0bf000 	C:\Windows\System32\IMM32.DLL
0x00007ffcf7220000 - 0x00007ffcf722c000 	C:\Program Files\Android\Android Studio\jbr\bin\vcruntime140_1.dll
0x00007ffcd94b0000 - 0x00007ffcd953d000 	C:\Program Files\Android\Android Studio\jbr\bin\msvcp140.dll
0x00007ffcc1de0000 - 0x00007ffcc2a6b000 	C:\Program Files\Android\Android Studio\jbr\bin\server\jvm.dll
0x00007ffcfb630000 - 0x00007ffcfb6e1000 	C:\Windows\System32\ADVAPI32.dll
0x00007ffcfcff0000 - 0x00007ffcfd08f000 	C:\Windows\System32\sechost.dll
0x00007ffcfce20000 - 0x00007ffcfcf40000 	C:\Windows\System32\RPCRT4.dll
0x00007ffcfaa40000 - 0x00007ffcfaa67000 	C:\Windows\System32\bcrypt.dll
0x00007ffcfd140000 - 0x00007ffcfd1ab000 	C:\Windows\System32\WS2_32.dll
0x00007ffcf9dd0000 - 0x00007ffcf9e1b000 	C:\Windows\SYSTEM32\POWRPROF.dll
0x00007ffcf1bb0000 - 0x00007ffcf1bba000 	C:\Windows\SYSTEM32\VERSION.dll
0x00007ffcf1b80000 - 0x00007ffcf1ba7000 	C:\Windows\SYSTEM32\WINMM.dll
0x00007ffcf9c90000 - 0x00007ffcf9ca2000 	C:\Windows\SYSTEM32\UMPDC.dll
0x00007ffcf8730000 - 0x00007ffcf8742000 	C:\Windows\SYSTEM32\kernel.appcore.dll
0x00007ffcf71f0000 - 0x00007ffcf71fa000 	C:\Program Files\Android\Android Studio\jbr\bin\jimage.dll
0x00007ffcebcb0000 - 0x00007ffcebeb1000 	C:\Windows\SYSTEM32\DBGHELP.DLL
0x00007ffce9520000 - 0x00007ffce9554000 	C:\Windows\SYSTEM32\dbgcore.DLL
0x00007ffcfa8e0000 - 0x00007ffcfa962000 	C:\Windows\System32\bcryptPrimitives.dll
0x00007ffcf4530000 - 0x00007ffcf453e000 	C:\Program Files\Android\Android Studio\jbr\bin\instrument.dll
0x00007ffcf4df0000 - 0x00007ffcf4e10000 	C:\Program Files\Android\Android Studio\jbr\bin\java.dll
0x00007ffcf4640000 - 0x00007ffcf4658000 	C:\Program Files\Android\Android Studio\jbr\bin\zip.dll
0x00007ffcfbd40000 - 0x00007ffcfc4b0000 	C:\Windows\System32\SHELL32.dll
0x00007ffcf8930000 - 0x00007ffcf90d5000 	C:\Windows\SYSTEM32\windows.storage.dll
0x00007ffcfb6f0000 - 0x00007ffcfba43000 	C:\Windows\System32\combase.dll
0x00007ffcfa2c0000 - 0x00007ffcfa2eb000 	C:\Windows\SYSTEM32\Wldp.dll
0x00007ffcfb500000 - 0x00007ffcfb5cd000 	C:\Windows\System32\OLEAUT32.dll
0x00007ffcfc4b0000 - 0x00007ffcfc55d000 	C:\Windows\System32\SHCORE.dll
0x00007ffcfc560000 - 0x00007ffcfc5bb000 	C:\Windows\System32\shlwapi.dll
0x00007ffcfa7c0000 - 0x00007ffcfa7e4000 	C:\Windows\SYSTEM32\profapi.dll
0x00007ffcf7190000 - 0x00007ffcf71a0000 	C:\Program Files\Android\Android Studio\jbr\bin\net.dll
0x00007ffcf0c20000 - 0x00007ffcf0d2a000 	C:\Windows\SYSTEM32\WINHTTP.dll
0x00007ffcfa020000 - 0x00007ffcfa08a000 	C:\Windows\system32\mswsock.dll
0x00007ffcf4620000 - 0x00007ffcf4636000 	C:\Program Files\Android\Android Studio\jbr\bin\nio.dll
0x00007ffcf70f0000 - 0x00007ffcf7100000 	C:\Program Files\Android\Android Studio\jbr\bin\verify.dll
0x00007ffcf5170000 - 0x00007ffcf5179000 	C:\Program Files\Android\Android Studio\jbr\bin\management.dll
0x00007ffcf4d80000 - 0x00007ffcf4d8b000 	C:\Program Files\Android\Android Studio\jbr\bin\management_ext.dll
0x00007ffcfb4f0000 - 0x00007ffcfb4f8000 	C:\Windows\System32\PSAPI.DLL
0x00007ffcfa210000 - 0x00007ffcfa228000 	C:\Windows\SYSTEM32\CRYPTSP.dll
0x00007ffcf98d0000 - 0x00007ffcf9908000 	C:\Windows\system32\rsaenh.dll
0x00007ffcfa780000 - 0x00007ffcfa7ae000 	C:\Windows\SYSTEM32\USERENV.dll
0x00007ffcfa230000 - 0x00007ffcfa23c000 	C:\Windows\SYSTEM32\CRYPTBASE.dll
0x00007ffcf9cb0000 - 0x00007ffcf9ceb000 	C:\Windows\SYSTEM32\IPHLPAPI.DLL
0x00007ffcfb3c0000 - 0x00007ffcfb3c8000 	C:\Windows\System32\NSI.dll
0x00007ffcf4540000 - 0x00007ffcf4549000 	C:\Program Files\Android\Android Studio\jbr\bin\extnet.dll
0x00007ffcf2a80000 - 0x00007ffcf2a87000 	C:\Windows\system32\wshunix.dll
0x0000000053b60000 - 0x0000000053bd3000 	C:\Users\Ashraf\AppData\Local\Temp\native-platform15050095245285875155dir\gradle-fileevents.dll

dbghelp: loaded successfully - version: 4.0.5 - missing functions: none
symbol engine: initialized successfully - sym options: 0x614 - pdb path: .;C:\Program Files\Android\Android Studio\jbr\bin;C:\Windows\SYSTEM32;C:\Windows\WinSxS\amd64_microsoft.windows.common-controls_6595b64144ccf1df_6.0.19041.6280_none_60bc30a171f2f3f3;C:\Program Files\Android\Android Studio\jbr\bin\server;C:\Users\Ashraf\.gradle\native\1def1411415f61bf3af743bc5b6707747c0891f09f0c88961ee8f79bc544acac\windows-amd64;C:\Users\Ashraf\.gradle\native\0.2.5\x86_64-windows-gnu;C:\Users\Ashraf\AppData\Local\Temp\native-platform15050095245285875155dir

VM Arguments:
jvm_args: --add-opens=java.base/java.lang=ALL-UNNAMED --add-opens=java.base/java.lang.invoke=ALL-UNNAMED --add-opens=java.base/java.util=ALL-UNNAMED --add-opens=java.prefs/java.util.prefs=ALL-UNNAMED --add-exports=jdk.compiler/com.sun.tools.javac.api=ALL-UNNAMED --add-exports=jdk.compiler/com.sun.tools.javac.util=ALL-UNNAMED --add-opens=java.base/java.util=ALL-UNNAMED --add-opens=java.prefs/java.util.prefs=ALL-UNNAMED --add-opens=java.base/java.nio.charset=ALL-UNNAMED --add-opens=java.base/java.net=ALL-UNNAMED --add-opens=java.base/java.util.concurrent.atomic=ALL-UNNAMED --add-opens=java.xml/javax.xml.namespace=ALL-UNNAMED -XX:MaxMetaspaceSize=4G -XX:ReservedCodeCacheSize=512m -XX:+HeapDumpOnOutOfMemoryError -Xmx8G -Dfile.encoding=UTF-8 -Duser.country=US -Duser.language=en -Duser.variant -javaagent:C:\Users\Ashraf\.gradle\wrapper\dists\gradle-8.12-all\ejduaidbjup3bmmkhw3rie4zb\gradle-8.12\lib\agents\gradle-instrumentation-agent-8.12.jar 
java_command: org.gradle.launcher.daemon.bootstrap.GradleDaemon 8.12
java_class_path (initial): C:\Users\Ashraf\.gradle\wrapper\dists\gradle-8.12-all\ejduaidbjup3bmmkhw3rie4zb\gradle-8.12\lib\gradle-daemon-main-8.12.jar
Launcher Type: SUN_STANDARD

[Global flags]
     intx CICompilerCount                          = 3                                         {product} {ergonomic}
     uint ConcGCThreads                            = 1                                         {product} {ergonomic}
     uint G1ConcRefinementThreads                  = 4                                         {product} {ergonomic}
   size_t G1HeapRegionSize                         = 4194304                                   {product} {ergonomic}
    uintx GCDrainStackTargetSize                   = 64                                        {product} {ergonomic}
     bool HeapDumpOnOutOfMemoryError               = true                                   {manageable} {command line}
   size_t InitialHeapSize                          = 134217728                                 {product} {ergonomic}
   size_t MarkStackSize                            = 4194304                                   {product} {ergonomic}
   size_t MaxHeapSize                              = 8589934592                                {product} {command line}
   size_t MaxMetaspaceSize                         = 4294967296                                {product} {command line}
   size_t MaxNewSize                               = 5150605312                                {product} {ergonomic}
   size_t MinHeapDeltaBytes                        = 4194304                                   {product} {ergonomic}
   size_t MinHeapSize                              = 8388608                                   {product} {ergonomic}
    uintx NonNMethodCodeHeapSize                   = 5832780                                {pd product} {ergonomic}
    uintx NonProfiledCodeHeapSize                  = 265519066                              {pd product} {ergonomic}
    uintx ProfiledCodeHeapSize                     = 265519066                              {pd product} {ergonomic}
    uintx ReservedCodeCacheSize                    = 536870912                              {pd product} {command line}
     bool SegmentedCodeCache                       = true                                      {product} {ergonomic}
   size_t SoftMaxHeapSize                          = 8589934592                             {manageable} {ergonomic}
     bool UseCompressedOops                        = true                           {product lp64_product} {ergonomic}
     bool UseG1GC                                  = true                                      {product} {ergonomic}
     bool UseLargePagesIndividualAllocation        = false                                  {pd product} {ergonomic}

Logging:
Log output configuration:
 #0: stdout all=warning uptime,level,tags foldmultilines=false
 #1: stderr all=off uptime,level,tags foldmultilines=false

Environment Variables:
JAVA_HOME=C:\Program Files\Android\Android Studio\jbr
CLASSPATH=I:\Ashraf\Project\so7ba\android\\gradle\wrapper\gradle-wrapper.jar
PATH=C:\Program Files\Android\Android Studio\jbr\bin;C:\Program Files (x86)\VMware\VMware Workstation\bin\;C:\Program Files\Common Files\Oracle\Java\javapath;c:\Users\Shady\AppData\Local\Programs\cursor\resources\app\bin;C:\ProgramData\Oracle\Java\javapath;C:\Windows\system32;C:\Windows;C:\Windows\System32\Wbem;C:\Windows\System32\WindowsPowerShell\v1.0\;C:\Windows\System32\OpenSSH\;C:\Program Files (x86)\ATI Technologies\ATI.ACE\Core-Static;C:\Program Files (x86)\AMD\ATI.ACE\Core-Static;C:\Users\Shady\AppData\Local\Programs\Python\Launcher\;C:\Users\Shady\AppData\Local\Microsoft\WindowsApps;c:\Users\Shady\AppData\Local\Programs\cursor\resources\app\bin;C:\Program Files\dotnet\;C:\Program Files\nodejs\;C:\ProgramData\chocolatey\bin;C:\Program Files\Git\cmd;C:\Program Files\Java\jdk-24\bin;I:\flutter\bin;C:\Users\Shady\AppData\Local\Android\Sdk\platform-tools;C:\Su;C:\Program Files (x86)\VMware\VMware Workstation\bin\;C:\Program Files\Common Files\Oracle\Java\javapath;c:\Users\Shady\AppData\Local\Programs\cursor\resources\app\bin;C:\ProgramData\Oracle\Java\javapath;C:\Windows\system32;C:\Windows;C:\Windows\System32\Wbem;C:\Windows\System32\WindowsPowerShell\v1.0\;C:\Windows\System32\OpenSSH\;C:\Program Files (x86)\ATI Technologies\ATI.ACE\Core-Static;C:\Program Files (x86)\AMD\ATI.ACE\Core-Static;C:\Users\Shady\AppData\Local\Programs\Python\Launcher\;C:\Users\Shady\AppData\Local\Microsoft\WindowsApps;c:\Users\Shady\AppData\Local\Programs\cursor\resources\app\bin;C:\Program Files\dotnet\;C:\Program Files\nodejs\;C:\ProgramData\chocolatey\bin;C:\Program Files\Git\cmd;C:\Program Files\Java\jdk-24\bin;I:\flutter\bin;C:\Users\Shady\AppData\Local\Android\Sdk\platform-tools;C:\Su;C:\Program Files (x86)\VMware\VMware Workstation\bin\;C:\Program Files\Common Files\Oracle\Java\javapath;c:\Users\Shady\AppData\Local\Programs\cursor\resources\app\bin;C:\ProgramData\Oracle\Java\javap;I:\Ashraf\Program\adb;I:\flutter\bin\mingit\cmd
USERNAME=Ashraf
OS=Windows_NT
PROCESSOR_IDENTIFIER=Intel64 Family 6 Model 42 Stepping 7, GenuineIntel
TMP=C:\Users\Ashraf\AppData\Local\Temp
TEMP=C:\Users\Ashraf\AppData\Local\Temp




Periodic native trim disabled

JNI global refs:
JNI global refs: 25, weak refs: 0

JNI global refs memory usage: 835, weak refs: 201

Process memory usage:
Resident Set Size: 154560K (1% of 8344504K total physical memory with 2854292K free physical memory)

OOME stack traces (most recent first):
Classloader memory used:
Loader bootstrap                                                                       : 16227K
Loader org.gradle.internal.classloader.VisitableURLClassLoader                         : 10134K
Loader org.gradle.initialization.MixInLegacyTypesClassLoader                           : 1025K
Loader jdk.internal.loader.ClassLoaders$AppClassLoader                                 : 232K
Loader jdk.internal.loader.ClassLoaders$PlatformClassLoader                            : 113K

Classes loaded by more than one classloader:
Class org.gradle.internal.classloader.FilteringClassLoader                            : loaded 2 times (x 101B)
Class org.gradle.internal.classloader.ClassLoaderHierarchy                            : loaded 2 times (x 66B)
Class org.gradle.api.internal.classpath.ManifestUtil                                  : loaded 2 times (x 67B)
Class org.gradle.internal.classloader.DefaultClassLoaderFactory                       : loaded 2 times (x 78B)
Class org.gradle.internal.classloader.ClassLoaderVisitor                              : loaded 2 times (x 72B)
Class org.gradle.api.internal.classpath.EffectiveClassPath                            : loaded 2 times (x 86B)
Class org.gradle.api.internal.DefaultClassPathProvider                                : loaded 2 times (x 72B)
Class [Lorg.gradle.api.internal.ClassPathProvider;                                    : loaded 2 times (x 65B)
Class org.gradle.api.internal.ClassPathProvider                                       : loaded 2 times (x 66B)
Class org.gradle.internal.service.UnknownServiceException                             : loaded 2 times (x 79B)
Class org.gradle.internal.classpath.TransformedClassPath                              : loaded 2 times (x 92B)
Class org.gradle.internal.classloader.InstrumentingClassLoader                        : loaded 2 times (x 66B)
Class org.gradle.internal.service.ServiceLocator                                      : loaded 2 times (x 66B)
Class org.gradle.internal.InternalTransformer                                         : loaded 2 times (x 66B)
Class org.gradle.internal.classloader.ClasspathUtil$1                                 : loaded 2 times (x 72B)
Class org.gradle.api.internal.classpath.DefaultModuleRegistry$DefaultModule           : loaded 2 times (x 82B)
Class org.gradle.api.internal.classpath.Module                                        : loaded 2 times (x 66B)
Class org.gradle.api.internal.classpath.UnknownModuleException                        : loaded 2 times (x 78B)
Class org.gradle.api.internal.DefaultClassPathRegistry                                : loaded 2 times (x 72B)
Class org.gradle.api.internal.ClassPathRegistry                                       : loaded 2 times (x 66B)
Class org.gradle.internal.classpath.DefaultClassPath$ImmutableUniqueList              : loaded 2 times (x 195B)
Class org.gradle.internal.classpath.ClassPath                                         : loaded 2 times (x 66B)
Class org.gradle.api.UncheckedIOException                                             : loaded 2 times (x 78B)
Class org.gradle.internal.installation.GradleInstallation$1                           : loaded 2 times (x 71B)
Class org.gradle.api.internal.classpath.ModuleRegistry                                : loaded 2 times (x 66B)
Class org.gradle.api.internal.classpath.DefaultModuleRegistry                         : loaded 2 times (x 82B)
Class org.gradle.internal.service.ServiceLookupException                              : loaded 2 times (x 78B)
Class org.gradle.internal.classloader.ClassLoaderFactory                              : loaded 2 times (x 66B)
Class org.gradle.internal.service.CachingServiceLocator                               : loaded 2 times (x 78B)
Class org.gradle.internal.classloader.ClasspathUtil                                   : loaded 2 times (x 67B)
Class org.gradle.api.specs.Spec                                                       : loaded 2 times (x 66B)
Class org.gradle.internal.classloader.VisitableURLClassLoader$InstrumentingVisitableURLClassLoader: loaded 2 times (x 119B)
Class org.gradle.internal.classloader.VisitableURLClassLoader$Spec                    : loaded 2 times (x 70B)
Class org.gradle.internal.classpath.DefaultClassPath                                  : loaded 2 times (x 86B)
Class org.gradle.internal.classloader.ClassLoaderSpec                                 : loaded 2 times (x 67B)
Class org.gradle.internal.classloader.VisitableURLClassLoader                         : loaded 2 times (x 113B)
Class org.gradle.internal.Cast                                                        : loaded 2 times (x 67B)
Class org.gradle.api.Action                                                           : loaded 2 times (x 66B)
Class org.gradle.internal.classpath.DefaultClassPath$ImmutableUniqueList$Builder      : loaded 2 times (x 71B)
Class org.gradle.api.GradleException                                                  : loaded 2 times (x 78B)
Class org.gradle.internal.IoActions                                                   : loaded 2 times (x 67B)
Class org.gradle.internal.classloader.SystemClassLoaderSpec                           : loaded 2 times (x 67B)
Class org.gradle.api.internal.classpath.GlobalCacheRootsProvider                      : loaded 2 times (x 66B)
Class org.gradle.internal.installation.CurrentGradleInstallationLocator               : loaded 2 times (x 67B)
Class org.gradle.internal.service.DefaultServiceLocator                               : loaded 2 times (x 79B)
Class org.gradle.internal.installation.CurrentGradleInstallation                      : loaded 2 times (x 69B)
Class org.gradle.util.internal.GUtil                                                  : loaded 2 times (x 67B)
Class org.gradle.internal.installation.GradleInstallation                             : loaded 2 times (x 71B)

---------------  S Y S T E M  ---------------

OS:
 Windows 10 , 64 bit Build 19041 (10.0.19041.5915)
OS uptime: 0 days 15:46 hours

CPU: total 4 (initial active 4) (4 cores per cpu, 1 threads per core) family 6 model 42 stepping 7 microcode 0x2f, cx8, cmov, fxsr, mmx, sse, sse2, sse3, ssse3, sse4.1, sse4.2, popcnt, tsc, tscinvbit, avx, aes, clmul, vzeroupper, clflush, rdtscp
Processor Information for the first 4 processors :
  Max Mhz: 3101, Current Mhz: 3101, Mhz Limit: 3101

Memory: 4k page, system-wide physical 8148M (2787M free)
TotalPageFile size 13610M (AvailPageFile size 5809M)
current process WorkingSet (physical memory assigned to process): 150M, peak: 183M
current process commit charge ("private bytes"): 201M, peak: 242M

vm_info: OpenJDK 64-Bit Server VM (21.0.6+-13368085-b895.109) for windows-amd64 JRE (21.0.6+-13368085-b895.109), built on 2025-04-16T17:01:31Z by "builder" with MS VC++ 16.10 / 16.11 (VS2019)

END.
